Using pre-set license
Built from '2022.3/staging' branch; Version is '2022.3.22f1 (887be4894c44) revision 8944612'; Using compiler version '192829333'; Build Type 'Release'
OS: 'Windows 10  (10.0.19045) 64bit Core' Language: 'tr' Physical Memory: 7865 MB
BatchMode: 1, IsHumanControllingUs: 0, StartBugReporterOnCrash: 0, Is64bit: 1, IsPro: 1

COMMAND LINE ARGUMENTS:
C:\Program Files\Unity 2022.3.22f1\Editor\Unity.exe
-adb2
-batchMode
-noUpm
-name
AssetImportWorker3
-projectPath
C:/Users/FATMANUR/Documents/GitHub/Web3_AI-Hackathon/Into Space
-logFile
Logs/AssetImportWorker3.log
-srvPort
51601
Successfully changed project path to: C:/Users/FATMANUR/Documents/GitHub/Web3_AI-Hackathon/Into Space
C:/Users/FATMANUR/Documents/GitHub/Web3_AI-Hackathon/Into Space
[UnityMemory] Configuration Parameters - Can be set up in boot.config
    "memorysetup-bucket-allocator-granularity=16"
    "memorysetup-bucket-allocator-bucket-count=8"
    "memorysetup-bucket-allocator-block-size=33554432"
    "memorysetup-bucket-allocator-block-count=8"
    "memorysetup-main-allocator-block-size=16777216"
    "memorysetup-thread-allocator-block-size=16777216"
    "memorysetup-gfx-main-allocator-block-size=16777216"
    "memorysetup-gfx-thread-allocator-block-size=16777216"
    "memorysetup-cache-allocator-block-size=4194304"
    "memorysetup-typetree-allocator-block-size=2097152"
    "memorysetup-profiler-bucket-allocator-granularity=16"
    "memorysetup-profiler-bucket-allocator-bucket-count=8"
    "memorysetup-profiler-bucket-allocator-block-size=33554432"
    "memorysetup-profiler-bucket-allocator-block-count=8"
    "memorysetup-profiler-allocator-block-size=16777216"
    "memorysetup-profiler-editor-allocator-block-size=1048576"
    "memorysetup-temp-allocator-size-main=16777216"
    "memorysetup-job-temp-allocator-block-size=2097152"
    "memorysetup-job-temp-allocator-block-size-background=1048576"
    "memorysetup-job-temp-allocator-reduction-small-platforms=262144"
    "memorysetup-allocator-temp-initial-block-size-main=262144"
    "memorysetup-allocator-temp-initial-block-size-worker=262144"
    "memorysetup-temp-allocator-size-background-worker=32768"
    "memorysetup-temp-allocator-size-job-worker=262144"
    "memorysetup-temp-allocator-size-preload-manager=33554432"
    "memorysetup-temp-allocator-size-nav-mesh-worker=65536"
    "memorysetup-temp-allocator-size-audio-worker=65536"
    "memorysetup-temp-allocator-size-cloud-worker=32768"
    "memorysetup-temp-allocator-size-gi-baking-worker=262144"
    "memorysetup-temp-allocator-size-gfx=262144"
Player connection [16836] Host "[IP] 192.168.56.1 [Port] 0 [Flags] 2 [Guid] 3289149196 [EditorId] 3289149196 [Version] 1048832 [Id] WindowsEditor(7,DESKTOP-QQ54MDQ) [Debug] 1 [PackageName] WindowsEditor [ProjectName] Editor" joined multi-casting on [225.0.0.222:54997]...

Player connection [16836] Host "[IP] 192.168.56.1 [Port] 0 [Flags] 2 [Guid] 3289149196 [EditorId] 3289149196 [Version] 1048832 [Id] WindowsEditor(7,DESKTOP-QQ54MDQ) [Debug] 1 [PackageName] WindowsEditor [ProjectName] Editor" joined alternative multi-casting on [225.0.0.222:34997]...

[Physics::Module] Initialized MultithreadedJobDispatcher with 11 workers.
Refreshing native plugins compatible for Editor in 226.91 ms, found 3 plugins.
Preloading 0 native plugins for Editor in 0.00 ms.
Initialize engine version: 2022.3.22f1 (887be4894c44)
[Subsystems] Discovering subsystems at path C:/Program Files/Unity 2022.3.22f1/Editor/Data/Resources/UnitySubsystems
[Subsystems] Discovering subsystems at path C:/Users/FATMANUR/Documents/GitHub/Web3_AI-Hackathon/Into Space/Assets
GfxDevice: creating device client; threaded=0; jobified=0
Direct3D:
    Version:  Direct3D 11.0 [level 11.1]
    Renderer: NVIDIA GeForce MX550 (ID=0x1f9f)
    Vendor:   NVIDIA
    VRAM:     1919 MB
    Driver:   31.0.15.4626
Initialize mono
Mono path[0] = 'C:/Program Files/Unity 2022.3.22f1/Editor/Data/Managed'
Mono path[1] = 'C:/Program Files/Unity 2022.3.22f1/Editor/Data/MonoBleedingEdge/lib/mono/unityjit-win32'
Mono config path = 'C:/Program Files/Unity 2022.3.22f1/Editor/Data/MonoBleedingEdge/etc'
Using monoOptions --debugger-agent=transport=dt_socket,embedding=1,server=y,suspend=n,address=127.0.0.1:56468
Begin MonoManager ReloadAssembly
Registering precompiled unity dll's ...
Register platform support module: C:/Program Files/Unity 2022.3.22f1/Editor/Data/PlaybackEngines/WebGLSupport/UnityEditor.WebGL.Extensions.dll
Register platform support module: C:/Program Files/Unity 2022.3.22f1/Editor/Data/PlaybackEngines/WindowsStandaloneSupport/UnityEditor.WindowsStandalone.Extensions.dll
Registered in 0.079522 seconds.
- Loaded All Assemblies, in  3.474 seconds
Native extension for WindowsStandalone target not found
Native extension for WebGL target not found
Mono: successfully reloaded assembly
- Finished resetting the current domain, in  3.125 seconds
Domain Reload Profiling: 6587ms
	BeginReloadAssembly (1106ms)
		ExecutionOrderSort (0ms)
		DisableScriptedObjects (0ms)
		BackupInstance (0ms)
		ReleaseScriptingObjects (0ms)
		CreateAndSetChildDomain (6ms)
	RebuildCommonClasses (287ms)
	RebuildNativeTypeToScriptingClass (104ms)
	initialDomainReloadingComplete (546ms)
	LoadAllAssembliesAndSetupDomain (1416ms)
		LoadAssemblies (1092ms)
		RebuildTransferFunctionScriptingTraits (0ms)
		AnalyzeDomain (1399ms)
			TypeCache.Refresh (1388ms)
				TypeCache.ScanAssembly (1263ms)
			ScanForSourceGeneratedMonoScriptInfo (3ms)
			ResolveRequiredComponents (4ms)
	FinalizeReload (3129ms)
		ReleaseScriptCaches (0ms)
		RebuildScriptCaches (0ms)
		SetupLoadedEditorAssemblies (2442ms)
			LogAssemblyErrors (0ms)
			InitializePlatformSupportModulesInManaged (117ms)
			SetLoadedEditorAssemblies (55ms)
			RefreshPlugins (0ms)
			BeforeProcessingInitializeOnLoad (29ms)
			ProcessInitializeOnLoadAttributes (1693ms)
			ProcessInitializeOnLoadMethodAttributes (547ms)
			AfterProcessingInitializeOnLoad (0ms)
			EditorAssembliesLoaded (1ms)
		ExecutionOrderSort2 (0ms)
		AwakeInstancesAfterBackupRestoration (0ms)
========================================================================
Worker process is ready to serve import requests
Begin MonoManager ReloadAssembly
Symbol file LoadedFromMemory is not a mono symbol file
- Loaded All Assemblies, in  6.577 seconds
Refreshing native plugins compatible for Editor in 40.50 ms, found 3 plugins.
Native extension for WindowsStandalone target not found
Native extension for WebGL target not found
Package Manager log level set to [2]
[Package Manager] Server::EnsureServerProcessIsRunning -- launch failed, reason: Unity was launched with the -noUpm command-line argument
[Package Manager] UpmClient::Send -- Unable to send message (not connected to UPM process).
[Package Manager] Cannot connect to Unity Package Manager local server
Mono: successfully reloaded assembly
- Finished resetting the current domain, in  5.927 seconds
Domain Reload Profiling: 12481ms
	BeginReloadAssembly (1544ms)
		ExecutionOrderSort (0ms)
		DisableScriptedObjects (58ms)
		BackupInstance (0ms)
		ReleaseScriptingObjects (1ms)
		CreateAndSetChildDomain (161ms)
	RebuildCommonClasses (342ms)
	RebuildNativeTypeToScriptingClass (120ms)
	initialDomainReloadingComplete (434ms)
	LoadAllAssembliesAndSetupDomain (4111ms)
		LoadAssemblies (3091ms)
		RebuildTransferFunctionScriptingTraits (0ms)
		AnalyzeDomain (1974ms)
			TypeCache.Refresh (1732ms)
				TypeCache.ScanAssembly (1530ms)
			ScanForSourceGeneratedMonoScriptInfo (171ms)
			ResolveRequiredComponents (59ms)
	FinalizeReload (5931ms)
		ReleaseScriptCaches (0ms)
		RebuildScriptCaches (0ms)
		SetupLoadedEditorAssemblies (4315ms)
			LogAssemblyErrors (0ms)
			InitializePlatformSupportModulesInManaged (78ms)
			SetLoadedEditorAssemblies (30ms)
			RefreshPlugins (0ms)
			BeforeProcessingInitializeOnLoad (658ms)
			ProcessInitializeOnLoadAttributes (3307ms)
			ProcessInitializeOnLoadMethodAttributes (181ms)
			AfterProcessingInitializeOnLoad (59ms)
			EditorAssembliesLoaded (1ms)
		ExecutionOrderSort2 (0ms)
		AwakeInstancesAfterBackupRestoration (67ms)
database is locked
Failed to delete database file Library/ShaderCache.db
database is locked
database is locked
database is locked
database is locked
database is locked
database is locked
database is locked
database is locked
database is locked
database is locked
database is locked
database is locked
database is locked
database is locked
database is locked
database is locked
database is locked
database is locked
database is locked
database is locked
database is locked
database is locked
database is locked
database is locked
database is locked
database is locked
database is locked
database is locked
database is locked
database is locked
database is locked
database is locked
database is locked
database is locked
database is locked
database is locked
database is locked
database is locked
database is locked
database is locked
database is locked
database is locked
database is locked
database is locked
database is locked
database is locked
database is locked
database is locked
database is locked
database is locked
database is locked
database is locked
database is locked
database is locked
database is locked
database is locked
database is locked
database is locked
database is locked
database is locked
database is locked
Launched and connected shader compiler UnityShaderCompiler.exe after 0.48 seconds
Refreshing native plugins compatible for Editor in 45.28 ms, found 3 plugins.
Preloading 0 native plugins for Editor in 0.00 ms.
Unloading 3220 Unused Serialized files (Serialized files now loaded: 0)
Unloading 37 unused Assets / (59.1 KB). Loaded Objects now: 3689.
Memory consumption went from 195.1 MB to 195.0 MB.
Total: 24.520000 ms (FindLiveObjects: 2.035100 ms CreateObjectMapping: 0.847200 ms MarkObjects: 20.632300 ms  DeleteObjects: 1.000000 ms)

AssetImportParameters requested are different than current active one (requested -> active):
  custom:scripting/monoscript/fileName/BlackHoleSphere.cs: 65911e669ed1362b3a71ded8f2b4b25b -> 
  custom:scripting/monoscript/fileName/TypedData.cs: 68283fb0f12b977cea3ba9c85afffcaa -> 
  custom:scripting/monoscript/fileName/WorldManager.cs: 0156b2dfabf87375d7b4027ba7d1fd84 -> 
  custom:container-demuxer-ogg: 62fdf1f143b41e24485cea50d1cbac27 -> 
  custom:scripting/monoscript/fileName/Runtime.gen.cs: 7e56aa0574515866eb2209ca2ea52835 -> 
  custom:scripting/monoscript/fileName/ToriiWasmInterop.cs: 28db4ae66903c6436ea76cf8cbe95800 -> 
  custom:scripting/monoscript/fileName/SigningKey.cs: 8430cd7281ea608ed5951d093eafa89c -> 
  custom:video-decoder-ogg-theora: a1e56fd34408186e4bbccfd4996cb3dc -> 
  custom:scripting/monoscript/fileName/Model.cs: 8764e6a339c5f0463515ea8c2bac4388 -> 
  custom:framework-win-MediaFoundation: 216162199b28c13a410421893ffa2e32 -> 
  custom:scripting/monoscript/fileName/BlackHoleCamera.cs: 5dab745c99986b93617b0bb51b13bbfa -> 
  custom:scripting/monoscript/fileName/ToriiWasmClient.cs: 6f7f1e79df48cab017d6d60f5d54c78f -> 
  custom:scripting/monoscript/fileName/WorldManagerData.cs: a23491b530d67c7ef96c93ef602cfa1f -> 
  custom:scripting/monoscript/fileName/ToriiEvents.cs: bd3528db9d152baa3fd9cbbf4d5a6a26 -> 
  custom:scripting/monoscript/fileName/JsonRpcClient.cs: 67029a766072b228860fe899f5e7874d -> 
  custom:scripting/monoscript/fileName/ToriiClient.cs: 079223d7362474e97055d9163189781a -> 
  custom:CustomObjectIndexerAttribute: 9a22284fe3817be447336de3de66b15e -> 
  custom:container-demuxer-webm: 4f35f7cbe854078d1ac9338744f61a02 -> 
  custom:scripting/monoscript/fileName/dojo.gen.cs: 01d257e6ea99bc0dc0b8b895d81433aa -> 
  custom:scripting/monoscript/fileName/UnityMainThreadDispatcher.cs: 17908cb06003ef38bb25e0cc0def9989 -> 
  custom:scripting/monoscript/fileName/BlackHoleRenderer.cs: b0fbcff849c3c24821c13bafddd5196b -> 
  custom:scripting/monoscript/fileName/ExecutionHelper.cs: 2e2115114e9327f15c9a8722ee3fdfd3 -> 
  custom:scripting/monoscript/fileName/AsteroidRotation.cs: 8c8cd4bf4f29923dde6e530d71e2047d -> 
  custom:scripting/monoscript/fileName/BurnerManager.cs: fd6581677de09eb21d1522f4d206d497 -> 
  custom:container-muxer-webm: aa71ff27fc2769a1b78a27578f13a17b -> 
  custom:scripting/monoscript/fileName/MouseOrbit.cs: 041545a8680bed2862789d9eac1eecf0 -> 
  custom:scripting/monoscript/fileName/LookAt.cs: 9468499a52e9f3754f98d7c5af47ce4a -> 
  custom:video-decoder-webm-vp8: 9c59270c3fd7afecdb556c50c9e8de78 -> 
  custom:scripting/monoscript/fileName/VerifyingKey.cs: 040917d00293cb0aa21f90c008767703 -> 
  custom:SearchIndexIgnoredProperties: e643bd26f0fe6173181afceb89e7c659 -> 
  custom:AudioImporter_EditorPlatform: d09bf68614088b80899f8185d706f6e7 -> 
  custom:scripting/monoscript/fileName/Entity.cs: a7e73100366b66863d810979099f9ba4 -> 
  custom:scripting/monoscript/fileName/ModelInstance.cs: bbd626080f9673c83c5d45453832b808 -> 
  custom:scripting/monoscript/fileName/SynchronizationMaster.cs: 262a85841935789ebef7060b62944196 -> 
  custom:scripting/monoscript/fileName/DojoTests.cs: c3492be68b670f76091eb66c1d416dfe -> 
  custom:scripting/monoscript/fileName/Account.cs: e53e2019ba2ee8215131b80a6d318383 -> 
  custom:scripting/monoscript/fileName/Signature.cs: 4a9efce99b1085bcb82b90c40effd75d -> 
  custom:video-encoder-webm-vp8: eb34c28f22e8b96e1ab97ce403110664 -> 
  custom:scripting/monoscript/fileName/StarknetInterop.cs: bd52f6ff873e7776b79e7b674cf6102b -> 
  custom:audio-decoder-ogg-vorbis: bf7c407c2cedff20999df2af8eb42d56 -> 
  custom:audio-encoder-webm-vorbis: bf7c407c2cedff20999df2af8eb42d56 -> 
  custom:scripting/monoscript/fileName/AutoBehaviour.cs: 260ee9f8720201864f2c160a58fc6a1f -> 
  custom:scripting/monoscript/fileName/Query.cs: 863c0746b63e75d146b24028a9789972 -> 
  custom:scripting/monoscript/fileName/FieldElement.cs: e825e95613268afe44c600f7aad1c1ab -> 
========================================================================
Received Prepare
Begin MonoManager ReloadAssembly
Symbol file LoadedFromMemory is not a mono symbol file
- Loaded All Assemblies, in  0.868 seconds
Refreshing native plugins compatible for Editor in 8.17 ms, found 3 plugins.
Native extension for WindowsStandalone target not found
Native extension for WebGL target not found
[Package Manager] Server::EnsureServerProcessIsRunning -- launch failed, reason: Unity was launched with the -noUpm command-line argument
[Package Manager] UpmClient::Send -- Unable to send message (not connected to UPM process).
[Package Manager] Cannot connect to Unity Package Manager local server
Mono: successfully reloaded assembly
- Finished resetting the current domain, in  2.247 seconds
Domain Reload Profiling: 3110ms
	BeginReloadAssembly (252ms)
		ExecutionOrderSort (0ms)
		DisableScriptedObjects (10ms)
		BackupInstance (0ms)
		ReleaseScriptingObjects (0ms)
		CreateAndSetChildDomain (49ms)
	RebuildCommonClasses (53ms)
	RebuildNativeTypeToScriptingClass (20ms)
	initialDomainReloadingComplete (57ms)
	LoadAllAssembliesAndSetupDomain (480ms)
		LoadAssemblies (563ms)
		RebuildTransferFunctionScriptingTraits (0ms)
		AnalyzeDomain (62ms)
			TypeCache.Refresh (23ms)
				TypeCache.ScanAssembly (1ms)
			ScanForSourceGeneratedMonoScriptInfo (19ms)
			ResolveRequiredComponents (16ms)
	FinalizeReload (2248ms)
		ReleaseScriptCaches (0ms)
		RebuildScriptCaches (0ms)
		SetupLoadedEditorAssemblies (962ms)
			LogAssemblyErrors (0ms)
			InitializePlatformSupportModulesInManaged (18ms)
			SetLoadedEditorAssemblies (10ms)
			RefreshPlugins (0ms)
			BeforeProcessingInitializeOnLoad (154ms)
			ProcessInitializeOnLoadAttributes (710ms)
			ProcessInitializeOnLoadMethodAttributes (51ms)
			AfterProcessingInitializeOnLoad (18ms)
			EditorAssembliesLoaded (0ms)
		ExecutionOrderSort2 (0ms)
		AwakeInstancesAfterBackupRestoration (22ms)
database is locked
database is locked
database is locked
database is locked
database is locked
database is locked
database is locked
database is locked
database is locked
database is locked
database is locked
database is locked
database is locked
database is locked
database is locked
database is locked
database is locked
database is locked
database is locked
database is locked
database is locked
database is locked
database is locked
database is locked
database is locked
database is locked
database is locked
database is locked
database is locked
database is locked
database is locked
database is locked
database is locked
database is locked
database is locked
database is locked
database is locked
database is locked
database is locked
database is locked
database is locked
database is locked
database is locked
database is locked
database is locked
database is locked
database is locked
database is locked
database is locked
database is locked
database is locked
database is locked
database is locked
database is locked
database is locked
database is locked
database is locked
database is locked
database is locked
database is locked
database is locked
Refreshing native plugins compatible for Editor in 12.48 ms, found 3 plugins.
Preloading 0 native plugins for Editor in 0.00 ms.
Unloading 3183 Unused Serialized files (Serialized files now loaded: 0)
Unloading 30 unused Assets / (33.3 KB). Loaded Objects now: 3690.
Memory consumption went from 187.9 MB to 187.9 MB.
Total: 5.067400 ms (FindLiveObjects: 0.429400 ms CreateObjectMapping: 0.190300 ms MarkObjects: 4.331500 ms  DeleteObjects: 0.113100 ms)

Prepare: number of updated asset objects reloaded= 0
AssetImportParameters requested are different than current active one (requested -> active):
  custom:scripting/monoscript/fileName/BlackHoleSphere.cs: 65911e669ed1362b3a71ded8f2b4b25b -> 
  custom:scripting/monoscript/fileName/TypedData.cs: 68283fb0f12b977cea3ba9c85afffcaa -> 
  custom:scripting/monoscript/fileName/WorldManager.cs: 0156b2dfabf87375d7b4027ba7d1fd84 -> 
  custom:container-demuxer-ogg: 62fdf1f143b41e24485cea50d1cbac27 -> 
  custom:scripting/monoscript/fileName/Runtime.gen.cs: 7e56aa0574515866eb2209ca2ea52835 -> 
  custom:scripting/monoscript/fileName/ToriiWasmInterop.cs: 28db4ae66903c6436ea76cf8cbe95800 -> 
  custom:scripting/monoscript/fileName/SigningKey.cs: 8430cd7281ea608ed5951d093eafa89c -> 
  custom:video-decoder-ogg-theora: a1e56fd34408186e4bbccfd4996cb3dc -> 
  custom:scripting/monoscript/fileName/Model.cs: 8764e6a339c5f0463515ea8c2bac4388 -> 
  custom:framework-win-MediaFoundation: 216162199b28c13a410421893ffa2e32 -> 
  custom:scripting/monoscript/fileName/BlackHoleCamera.cs: 5dab745c99986b93617b0bb51b13bbfa -> 
  custom:scripting/monoscript/fileName/ToriiWasmClient.cs: 6f7f1e79df48cab017d6d60f5d54c78f -> 
  custom:scripting/monoscript/fileName/WorldManagerData.cs: a23491b530d67c7ef96c93ef602cfa1f -> 
  custom:scripting/monoscript/fileName/ToriiEvents.cs: bd3528db9d152baa3fd9cbbf4d5a6a26 -> 
  custom:scripting/monoscript/fileName/JsonRpcClient.cs: 67029a766072b228860fe899f5e7874d -> 
  custom:scripting/monoscript/fileName/ToriiClient.cs: 079223d7362474e97055d9163189781a -> 
  custom:CustomObjectIndexerAttribute: 9a22284fe3817be447336de3de66b15e -> 
  custom:container-demuxer-webm: 4f35f7cbe854078d1ac9338744f61a02 -> 
  custom:scripting/monoscript/fileName/dojo.gen.cs: 01d257e6ea99bc0dc0b8b895d81433aa -> 
  custom:scripting/monoscript/fileName/UnityMainThreadDispatcher.cs: 17908cb06003ef38bb25e0cc0def9989 -> 
  custom:scripting/monoscript/fileName/BlackHoleRenderer.cs: b0fbcff849c3c24821c13bafddd5196b -> 
  custom:scripting/monoscript/fileName/ExecutionHelper.cs: 2e2115114e9327f15c9a8722ee3fdfd3 -> 
  custom:scripting/monoscript/fileName/AsteroidRotation.cs: 8c8cd4bf4f29923dde6e530d71e2047d -> 
  custom:scripting/monoscript/fileName/BurnerManager.cs: fd6581677de09eb21d1522f4d206d497 -> 
  custom:container-muxer-webm: aa71ff27fc2769a1b78a27578f13a17b -> 
  custom:scripting/monoscript/fileName/MouseOrbit.cs: 041545a8680bed2862789d9eac1eecf0 -> 
  custom:scripting/monoscript/fileName/LookAt.cs: 9468499a52e9f3754f98d7c5af47ce4a -> 
  custom:video-decoder-webm-vp8: 9c59270c3fd7afecdb556c50c9e8de78 -> 
  custom:scripting/monoscript/fileName/VerifyingKey.cs: 040917d00293cb0aa21f90c008767703 -> 
  custom:SearchIndexIgnoredProperties: e643bd26f0fe6173181afceb89e7c659 -> 
  custom:AudioImporter_EditorPlatform: d09bf68614088b80899f8185d706f6e7 -> 
  custom:scripting/monoscript/fileName/Entity.cs: a7e73100366b66863d810979099f9ba4 -> 
  custom:scripting/monoscript/fileName/ModelInstance.cs: bbd626080f9673c83c5d45453832b808 -> 
  custom:scripting/monoscript/fileName/SynchronizationMaster.cs: 262a85841935789ebef7060b62944196 -> 
  custom:scripting/monoscript/fileName/DojoTests.cs: c3492be68b670f76091eb66c1d416dfe -> 
  custom:scripting/monoscript/fileName/Account.cs: e53e2019ba2ee8215131b80a6d318383 -> 
  custom:scripting/monoscript/fileName/Signature.cs: 4a9efce99b1085bcb82b90c40effd75d -> 
  custom:video-encoder-webm-vp8: eb34c28f22e8b96e1ab97ce403110664 -> 
  custom:scripting/monoscript/fileName/StarknetInterop.cs: bd52f6ff873e7776b79e7b674cf6102b -> 
  custom:audio-decoder-ogg-vorbis: bf7c407c2cedff20999df2af8eb42d56 -> 
  custom:audio-encoder-webm-vorbis: bf7c407c2cedff20999df2af8eb42d56 -> 
  custom:scripting/monoscript/fileName/AutoBehaviour.cs: 260ee9f8720201864f2c160a58fc6a1f -> 
  custom:scripting/monoscript/fileName/Query.cs: 863c0746b63e75d146b24028a9789972 -> 
  custom:scripting/monoscript/fileName/FieldElement.cs: e825e95613268afe44c600f7aad1c1ab -> 
